<?xml version="1.0" encoding="UTF-8"?>
<testng-results ignored="0" total="1" passed="1" failed="0" skipped="0">
  <reporter-output>
  </reporter-output>
  <suite started-at="2023-08-21T16:04:13 CLT" name="Suite" finished-at="2023-08-21T16:04:23 CLT" duration-ms="9737">
    <groups>
      <group name="cucumber">
        <method signature="AbstractTestNGCucumberTests.runScenario(io.cucumber.testng.PickleWrapper,io.cucumber.testng.FeatureWrapper)[pri:0, instance:runner.RunCuke@47eaca72]" name="runScenario" class="io.cucumber.testng.AbstractTestNGCucumberTests"/>
      </group> <!-- cucumber -->
    </groups>
    <test started-at="2023-08-21T16:04:13 CLT" name="Test" finished-at="2023-08-21T16:04:23 CLT" duration-ms="9737">
      <class name="runner.RunCuke">
        <test-method is-config="true" signature="setUpClass(org.testng.ITestContext)[pri:0, instance:runner.RunCuke@47eaca72]" started-at="2023-08-21T16:04:13 CLT" name="setUpClass" finished-at="2023-08-21T16:04:14 CLT" duration-ms="168" status="PASS">
          <params>
            <param index="0">
              <value>
                <![CDATA[org.testng.TestRunner@65d57e4e]]>
              </value>
            </param>
          </params>
          <reporter-output>
          </reporter-output>
        </test-method> <!-- setUpClass -->
        <test-method signature="runScenario(io.cucumber.testng.PickleWrapper,io.cucumber.testng.FeatureWrapper)[pri:0, instance:runner.RunCuke@47eaca72]" started-at="2023-08-21T16:04:14 CLT" name="runScenario" description="Runs Cucumber Scenarios" data-provider="scenarios" finished-at="2023-08-21T16:04:23 CLT" duration-ms="9517" status="PASS">
          <params>
            <param index="0">
              <value>
                <![CDATA["Ingreso de URL"]]>
              </value>
            </param>
            <param index="1">
              <value>
                <![CDATA["Ingreso a una URL"]]>
              </value>
            </param>
          </params>
          <reporter-output>
          </reporter-output>
        </test-method> <!-- runScenario -->
        <test-method is-config="true" signature="tearDownClass()[pri:0, instance:runner.RunCuke@47eaca72]" started-at="2023-08-21T16:04:23 CLT" name="tearDownClass" finished-at="2023-08-21T16:04:23 CLT" duration-ms="16" status="PASS">
          <reporter-output>
          </reporter-output>
        </test-method> <!-- tearDownClass -->
      </class> <!-- runner.RunCuke -->
    </test> <!-- Test -->
  </suite> <!-- Suite -->
</testng-results>
